[    .000000] Initialiing cgroup subsys cpuset
[    0.000000] Initializing cgroup subsys cpu
[    0.000000] Initializing cgroup subsys cpuacct
[    0.000000] Linux version 4.4.0-134-generic (buildd@lgw01-amd64-033) (gcc version 5.4.0 20160609 (Ubuntu 5.4.0-6ubuntu1~16.04.10) ) #160-Ubuntu SMP Wed Aug 15 14:58:00 UTC 2018 (Ubuntu 4.4.0-134.160-generic 4.4.140)
[    0.000000] Command line: BOOT_IMAGE=/boot/vmlinuz-4.4.0-134-generic root=LABEL=cloudimg-rootfs ro console=tty1 console=ttyS0
[    0.000000] KERNEL supported cpus:
[    0.000000]   Intel GenuineIntel
[    0.000000]   AMD AuthenticAMD
[    0.000000]   Centaur CentaurHauls
[    0.000000] x86/fpu: xstate_offset[2]:  576, xstate_sizes[2]:  256
[    0.000000] x86/fpu: Supporting XSAVE feature 0x01: 'x87 floating point registers'
[    0.000000] x86/fpu: Supporting XSAVE feature 0x02: 'SSE registers'
[    0.000000] x86/fpu: Supporting XSAVE feature 0x04: 'AVX registers'
[    0.000000] x86/fpu: Enabled xstate features 0x7, context size is 832 bytes, using 'standard' format.
[    0.000000] e820: BIOS-provided physical RAM map:
[    0.000000] BIOS-e820: [mem 0x0000000000000000-0x000000000009fbff] usable
[    0.000000] BIOS-e820: [mem 0x000000000009fc00-0x000000000009ffff] reserved
[    0.000000] BIOS-e820: [mem 0x00000000000f0000-0x00000000000fffff] reserved
[    0.000000] BIOS-e820: [mem 0x0000000000100000-0x000000003ffeffff] usable
[    0.000000] BIOS-e820: [mem 0x000000003fff0000-0x000000003fffffff] ACPI data
[    0.000000] BIOS-e820: [mem 0x00000000fec00000-0x00000000fec00fff] reserved
[    0.000000] BIOS-e820: [mem 0x00000000fee00000-0x00000000fee00fff] reserved
[    0.000000] BIOS-e820: [mem 0x00000000fffc0000-0x00000000ffffffff] reserved
[    0.000000] NX (Execute Disable) protection: active
[    0.000000] SMBIOS 2.5 present.
[    0.000000] Hypervisor detected: KVM
[    0.000000] e820: last_pfn = 0x3fff0 max_arch_pfn = 0x400000000
[    0.000000] MTRR: Disabled
[    0.000000] x86/PAT: MTRRs disabled, skipping PAT initialization too.
[    0.000000] CPU MTRRs all blank - virtualized system.
[    0.000000] x86/PAT: Configuration [0-7]: WB  WT  UC- UC  WB  WT  UC- UC  
[    0.000000] found SMP MP-table at [mem 0x0009fff0-0x0009ffff] mapped at [ffff88000009fff0]
[    0.000000] Scanning 1 areas for low memory corruption
[    0.000000] RAMDISK: [mem 0x3630c000-0x3717dfff]
[    0.000000] ACPI: Early table checksum verification disabled
[    0.000000] ACPI: RSDP 0x00000000000E0000 000024 (v02 VBOX  )
[    0.000000] ACPI: XSDT 0x000000003FFF0030 00003C (v01 VBOX   VBOXXSDT 00000001 ASL  00000061)
[    0.000000] ACPI: FACP 0x000000003FFF00F0 0000F4 (v04 VBOX   VBOXFACP 00000001 ASL  00000061)
[    0.000000] ACPI: DSDT 0x000000003FFF0470 0021FF (v02 VBOX   VBOXBIOS 00000002 INTL 20100528)
[    0.000000] ACPI: FACS 0x000000003FFF0200 000040
[    0.000000] ACPI: FACS 0x000000003FFF0200 000040
[    0.000000] ACPI: APIC 0x000000003FFF0240 00005C (v02 VBOX   VBOXAPIC 00000001 ASL  00000061)
[    0.000000] ACPI: SSDT 0x000000003FFF02A0 0001CC (v01 VBOX   VBOXCPUT 00000002 INTL 20100528)
[    0.000000] No NUMA configuration found
[    0.000000] Faking a node at [mem 0x000000000000000-0x000000003ffeffff]
[   0.000000] ODE_DATA(0) alloated [me 03ffeb000-0x3ffeffff]
[    0.00000] kvm-clock: Using msrs 4b564d01 and 4b564d00
[    0.000000] kvm-clock: cpu 0, msr 0:3ffe3001, primary cpu clock
[   .000000] kvm-clock: usin sched offset of 4143385605 cycles
   0.000000] clocksource: kvmclock: mask: 0xffffffffffffffff max_cycles: 0x1cd42e4dffb, max_idle_ns: 88159059143 ns
[   0.00000] Zone ranges:
[    0.000000]   DMA      [mem 0x0000000000001000-0x0000000000ffffff]
[    0.000000]   DMA32    [mem 0x0000000001000000-0x000000003ffeffff]
[    0.000000]   Normal   empty
[    0.000000]   Device   empty
[    0.000000] Movable zone start for each node
[    0.000000] Early memory node ranges
[    0.000000]   node   0: [mem 0x0000000000001000-0x000000000009efff]
[    0.000000]   node   0: [mem 0x0000000000100000-0x000000003ffeffff]

[    0.000000] Initmem setup node 0 [mem 0x0000000000001000-0x000000003ffeffff]
[    0.000000] ACPI: PM-Timer IO Port: 0x4008
[    0.000000] IOAPIC[0]: apic_id 2, version 32, address 0xfec00000, GSI 0-23
[    0.000000] ACPI: INT_SRC_OVR (bus 0 bus_irq 0 global_irq 2 dfl dfl)
[    0.000000] ACPI: INT_SRC_OVR (bus 0 bus_irq 9 globa_irq 9 low level)
[    0.000000] Using ACPI (MADT) for SMP configuration information
[    0.000000] smpboot: Allowing 2 CPUs, 0 hotplug CPUs
[    0.000000] PM: Registered nosave mmory: [mem 0x0000000-0x00000fff]
[    0.000000] PM: Registered nosave memory: [mem 0x0009f000-0x0009ffff]
[    0.000000] PM: Registere nosave memory: [mem 0x000a0000-0x000effff]
[    0.000000] PM: Registered nosave memory: [mem 0x000f0000-0x000fffff]
[    0.000000] e80: [mem 0x40000000-0xfebfffff] avilable for PCI devices
[   0.00000]Booting paravirtualized kernel on KVM
[    0.000000] clocksource: efined-jiffie: mask: 0xffffffff max_cycles: 0xfffffff, max_idle_ns: 7645519600211568 ns
[    0.000000] setuppercp: NR_CPUS:512 nr_cpumask_bits:512 nr_cpu_ids:2nr_node_ids:1
[    0.000000] PERCPU: Embedded 34 pages/cpu @ffff88003fc00000 s99544 r8192 d31528 u1048576
[    0.000000] PV qspinlock hash table entries: 256(order 0, 4096 bytes)[    0.000000] Built 1 zonelists in Node order, mobilitygrupng on.  Total pages: 257912
[    0.000000] Policy zone: DMA32
[    0.000000] Kernel command line: BOOT_IMAGE=/boot/vmlinuz-4.4.0-134-generic root=LABEL=cloudimg-rootfs ro console=tty1 console=ttyS0
[    0.000000] PID hash table entries: 4096 (order: 3, 32768 bytes)
[   0.00000] Memory: 997724K/1048120K available (8554K kernel code, 1314 rwdata, 4004K rodata, 1516K init, 1316K bss, 50396K reserved, 0K ca-reserved)
[   0.000000] SLUB: HWalign=64, Order=0-3, MinObjects=0, CPUs=2, Nodes=1
[    0.000000] Kernel/User page tables isolation: enabled
[    0.000000] Hierarchical RCU implementation.
[    0.000000] 	Build-time adjustment of leaf fanout to 64.
[    0.000000] 	RCU restricting CPUs from NR_CPUS=512 to nr_cpu_ids=2.
[    0.000000] RCU: Adjusting geometry for rcu_fanout_leaf=64, nr_cpu_ids=2
[    0.00000] NR_IRQS:33024 nr_irqs:440 16
[   .00000] Console: colour VGA+ 80x25
[   .000000] conol [tty1] enabled
[   0.000000] console ttyS0] enabled
[    0.000000] tsc: Detected 2699.998 MHz processor
[    1.176232] Calibrating delay loop (skipped) preset value.. 5399.99 BogoMIPS (lpj=10799992)
[    1.191785] pid_max: default: 32768 minimum: 301
[    1.193707] ACPI: Core revision 20150930
[    1.196323] ACPI: 2 ACPI AML tables successfully acquired and loaded
[    1.199815] Security Framework initialized
[    1.209612] Yama: becoming mindful.
[    1.222390] AppArmor: AppArmor initialized
[    1.231051] Dentry cache hash table entries: 131072 (order: 8, 1048576 bytes)
[    1.261105] Inode-cache hash table entries: 65536 (order: 7, 524288 bytes)
[    1.266377] Mount-cache hash table entries: 2048 (order: 2, 16384 bytes)
[    1.298346] Mountpoint-cache hash table entries: 2048 (order: 2, 16384 bytes)
[    1.322159] Initializing cgroup subsys io
[    1.326159] Initializing cgroup subsys memory
[    1.337534] Initializing cgroup subsys devices
[    1.357459] Initializing cgroup subsys freezer
[    1.362352] Initializing cgroup subsys net_cls
[    1.366662] Initializing cgroup subsys perf_event
[    1.374804] Initializing cgroup subsys net_prio
[    1.380146] Initializing cgroup subsys hugetlb
[    1.401126] Initializing cgroup subsys pids
[    1.414313] mce: CPU supports 0 MCE banks
[    1.422474] Last level iTLB entries: 4KB 64, 2MB 8, 4MB 8
[    1.433913] Last level dTLB entries: 4KB 64, 2MB 0, 4MB 0, 1GB 4
[    1.442423] Spectre V2 : Mitigation: Full generic retpoline
[    1.444127] Spectre V2 : Speculation control IBPB not-supported IBRS not-supported
[    1.446353] Speculative Store Bypass: Vulnerable
[    1.450458] Freeing SMP alternatives memory: 32K
[    1.474807] ftrace: allocating 32266 entries in 127 pages
[    1.529206] smpboot: APIC(0) Converting physical 0 to logical package 0
[    1.540337] smpboot: Max logical packages: 1
[    1.542544] x2apic enabled
[    1.543967] Switched APIC routing to physical x2apic.
[    1.558026] ..TIMER: vector=0x30 apic1=0 pin1=2 apic2=-1 pin2=-1
[    1.669015] APIC calibration not consistent with PM-Timer: 101ms instead of 100ms
[    1.678601] APIC delta adjusted to PM-Timer: 6249885 (6318189)
[    1.682078] smpboot: CPU0: Intel(R) Core(TM) i5-5257U CPU @ 2.70GHz (family: 0x6, model: 0x3d, stepping: 0x4)
[    1.686723] Performance Events: unsupported p6 CPU model 61 no PMU driver, software events only.
[    1.689654] KVM setup paravirtual spinlock
[    1.691702] x86: Booting SMP configuration:
[    1.693419] .... node  #0, CPUs:      #1
[    1.695368] kvm-clock: cpu 1, msr 0:3ffe3041, secondary cpu clock
[    1.697988] mce: CPU supports 0 MCE banks
[    1.701031] x86: Booted up 1 node, 2 CPUs
[    1.714783] smpboot: Total of 2 processors activated (10799.99 BogoMIPS)
[    1.726077] devtmpfs: initialized
[    1.743826] evm: security.selinux
[    1.755702] evm: security.SMACK64
[    1.759064] evm: security.SMACK64EXEC
[    1.762321] evm: security.SMACK64TRANSMUTE
[    1.767118] evm: security.SMACK64MMAP
[    1.774626] evm: security.ima
[    1.785997] evm: security.capability
[    1.794434] clocksource: jiffies: mask: 0xffffffff max_cycles: 0xffffffff, max_idle_ns: 7645041785100000 ns
[    1.816403] futex hash table entries: 512 (order: 3, 32768 bytes)
[    1.838340] pinctrl core: initialized pinctrl subsystem
[    1.844504] RTC time: 17:42:29, date: 10/04/18
[    1.858287] NET: Registered protocol family 16
[    1.879010] cpuidle: using governor ladder
[    1.903226] cpuidle: using governor menu
[    1.910006] PCCT header not found.
[    1.912514] ACPI: bus type PCI registered
[    1.923830] acpiphp: ACPI Hot Plug PCI Controller Driver version: 0.5
[    1.935335] PCI: Using configuration type 1 for base access
[    1.959946] ACPI: Added _OSI(Module Device)
[    1.963849] ACPI: Added _OSI(Processor Device)
[    1.974514] ACPI: Added _OSI(3.0 _SCP Extensions)
[    1.986393] ACPI: Added _OSI(Processor Aggregator Device)
[    2.003240] ACPI: Executed 1 blocks of module-level executable AML code
[    2.024367] ACPI: Interpreter enabled
[    2.027842] ACPI: (supports S0 S5)
[    2.031273] ACPI: Using IOAPIC for interrupt routing
[    2.039733] PCI: Using host bridge windows from ACPI; if necessary, use "pci=nocrs" and report a bug
[    2.052808] ACPI: PCI Root Bridge [PCI0] (domain 0000 [bus 00-ff])
[    2.059373] acpi PNP0A03:00: _OSC: OS supports [ASPM ClockPM Segments MSI]
[    2.074670] acpi PNP0A03:00: _OSC: not requesting OS control; OS requires [ExtendedConfig ASPM ClockPM MSI]
[    2.082021] acpi PNP0A03:00: fail to add MMCONFIG information, can't access extended PCI configuration space under this bridge.
[    2.101384] PCI host bridge to bus 0000:00
[    2.110841] pci_bus 0000:00: root bus resource [io  0x0000-0x0cf7 window]
[    2.131621] pci_bus 0000:00: root bus resource [io  0x0d00-0xffff window]
[    2.139804] pci_bus 0000:00: root bus resource [mem 0x000a0000-0x000bffff window]
[    2.145215] pci_bus 0000:00: root bus resource [mem 0x40000000-0xfdffffff window]
[    2.160487] pci_bus 0000:00: root bus resource [bus 00-ff]
[    2.182110] pci 0000:00:01.1: legacy IDE quirk: reg 0x10: [io  0x01f0-0x01f7]
[    2.195621] pci 0000:00:01.1: legacy IDE quirk: reg 0x14: [io  0x03f6]
[    2.212370] pci 0000:00:01.1: legacy IDE quirk: reg 0x18: [io  0x0170-0x0177]
[    2.240278] pci 0000:00:01.1: legacy IDE quirk: reg 0x1c: [io  0x0376]
[    2.265076] pci 0000:00:07.0: quirk: [io  0x4000-0x403f] claimed by PIIX4 ACPI
[    2.280429] pci 0000:00:07.0: quirk: [io  0x4100-0x410f] claimed by PIIX4 SMB
[    2.295472] ACPI: PCI Interrupt Link [LNKA] (IRQs 5 9 10 *11)
[    2.314696] ACPI: PCI Interrupt Link [LNKB] (IRQs 5 9 *10 11)
[    2.326669] ACPI: PCI Interrupt Link [LNKC] (IRQs 5 *9 10 11)
[    2.335338] ACPI: PCI Interrupt Link [LNKD] (IRQs 5 9 10 *11)
[    2.341184] ACPI: Enabled 2 GPEs in block 00 to 07
[    2.356542] vgaarb: setting as boot device: PCI:0000:00:02.0
[    2.363377] vgaarb: device added: PCI:0000:00:02.0,decodes=io+mem,owns=io+mem,locks=none
[    2.365955] vgaarb: loaded
[    2.366988] vgaarb: bridge control possible 0000:00:02.0
[    2.368855] SCSI subsystem initialized
[    2.370294] ACPI: bus type USB registered
[    2.371616] usbcore: registered new interface driver usbfs
[    2.373477] usbcore: registered new interface driver hub
[    2.375158] usbcore: registered new device driver usb
[    2.378787] PCI: Using ACPI for IRQ routing
[    2.381048] NetLabel: Initializing
[    2.394268] NetLabel:  domain hash size = 128
[    2.402017] NetLabel:  protocols = UNLABELED CIPSOv4
[    2.414720] NetLabel:  unlabeled traffic allowed by default
[    2.420112] amd_nb: Cannot enumerate AMD northbridges
[    2.434130] clocksource: Switched to clocksource kvm-clock
[    2.450928] AppArmor: AppArmor Filesystem Enabled
[    2.452563] pnp: PnP ACPI init
[   2.45133] pnp: PnP ACPI: found 3 devices

[   2.516603] clocksource: acpi_pm: msk: 0xffffff max_cycles: 0xffffff, max_idle_ns: 208701024 ns
[    2.588611] NET: Registered protocol family 2

[    2.590671] TCP established hash table entries: 8192 (order: 4,65536 bytes)

[    2.619856] TCP bind has table etres: 8192 (order: 5, 131072 bytes)
[    2.695770] TCP: Hash tables configured (established 8192 bind 8192)
[    2.698604] UDP hash table entries: 512 (order: 2, 16384 bytes)
[    2.701991] UDP-Lite hash table entries: 512 (order: 2, 16384 bytes)
[    2.704749] NET: Registered protocol family 1
[    2.706705] pci 0000:00:00.0: Limiting direct PCI/PCI transfers
[  2.709492] pi 0000:00:01.0: Acivating ISA DMA hang workarunds
[    2.874770]Unpackin initrmfs...

[    3.195478] Freeing initrd memory: 14792K
[    3.199722] RAPL PMU detected, API unit is 2^-32 Joules, 4 fixed counters 10737418240 ms ovfl timer
[    3.217501] hw unit of domain pp0-core 2^-0 Joules
[    3.223092] hw unit of domain package 2^-0 Joules
[    3.225081] hw unit of domain dram 2^-0 Joules
[    3.227011] hw unit of domain pp1-gpu 2^-0 Joules
[    3.229240] platform rtc_cmos: registered platform RTC device (no PNP device found)
[    3.242485] Scanning for low memory corruption every 60 seconds
[    3.268576] audit: initializing netlink subsys (disabled)
[    3.275509] audit: type=2000 audit(1538674955.595:1): initialized
[    3.291330] Initialise system trusted keyring
[    3.310868] HugeTLB registered 2 MB page size, pre-allocated 0 pages
[    3.324737] zbud: loaded
[    3.327788] VFS: Disk quotas dquot_6.6.0
[    3.337176] VFS: Dquot-cache hash table entries: 512 (order 0, 4096 bytes)
[    3.343255] squashfs: version 4.0 (2009/01/31) Phillip Lougher
[    3.355852] fuse init (API version 7.23)
[    3.359476] Key type big_key registered
[    3.361202] Allocating IMA MOK and blacklist keyrings.
[    3.374296] Key type asymmetric registered
[    3.377111] Asymmetric key parser 'x509' registered
[    3.389267] Block layer SCSI generic (bsg) driver version 0.4 loaded (major 249)
[    3.394426] io scheduler noop registered
[    3.420271] io scheduler deadline registered (default)
[    3.431880] io scheduler cfq registered
[    3.433701] pci_hotplug: PCI Hot Plug PCI Core version: 0.5
[    3.435801] pciehp: PCI Express Hot Plug Controller Driver version: 0.4
[    3.438137] ACPI: AC Adapter [AC] (off-line)
[    3.439668] input: Power Button as /devices/LNXSYSTM:00/LNXPWRBN:00/input/input0
[    3.442149] ACPI: Power Button [PWRF]
[    3.452310] input: Sleep Button as /devices/LNXSYSTM:00/LNXSLPBN:00/input/input1
[    3.476135] ACPI: Sleep Button [SLPF]
[    3.480865] ACPI: Battery Slot [BAT0] (battery present)
[    3.494033] GHES: HEST is not enabled!
[    3.508562] Serial: 8250/16550 driver, 32 ports, IRQ sharing enabled
[    3.552723] 00:02: ttyS0 at I/O 0x3f8 (irq = 4, base_baud = 115200) is a 16550A
[    3.575111] Linux agpgart interface v0.103
[    3.595063] loop: module loaded
[    3.610389] scsi host0: ata_piix
[    3.620805] scsi host1: ata_piix
[    3.633305] ata1: PATA max UDMA/33 cmd 0x1f0 ctl 0x3f6 bmdma 0xd000 irq 14
[    3.674948] ata2: PATA max UDMA/33 cmd 0x170 ctl 0x376 bmdma 0xd008 irq 15
[    3.678240] libphy: Fixed MDIO Bus: probed
[    3.694317] tun: Universal TUN/TAP device driver, 1.6
[    3.710116] tun: (C) 1999-2004 Max Krasnyansky <maxk@qualcomm.com>
[    3.724057] PPP generic driver version 2.4.2
[    3.726126] ehci_hcd: USB 2.0 'Enhanced' Host Controller (EHCI) Driver
[    3.729173] ehci-pci: EHCI PCI platform driver
[    3.741623] ehci-platform: EHCI generic platform driver
[    3.743740] ohci_hcd: USB 1.1 'Open' Host Controller (OHCI) Driver
[    3.756724] ohci-pci: OHCI PCI platform driver
[    3.760442] ohci-platform: OHCI generic platform driver
[    3.783848] uhci_hcd: USB Universal Host Controller Interface driver
[    3.794646] i8042: PNP: PS/2 Controller [PNP0303:PS2K,PNP0f03:PS2M] at 0x60,0x64 irq 1,12
[    3.805729] serio: i8042 KBD port at 0x60,0x64 irq 1
[    3.809152] serio: i8042 AUX port at 0x60,0x64 irq 12
[    3.811168] mousedev: PS/2 mouse device common for all mice
[    3.813601] rtc_cmos rtc_cmos: rtc core: registered rtc_cmos as rtc0
[    3.815738] rtc_cmos rtc_cmos: alarms up to one day, 114 bytes nvram
[    3.817749] i2c /dev entries driver
[    3.819429] input: AT Translated Set 2 keyboard as /devices/platform/i8042/serio0/input/input2
[    3.831512] device-mapper: uevent: version 1.0.3
[    3.833104] device-mapper: ioctl: 4.34.0-ioctl (2015-10-28) initialised: dm-devel@redhat.com
[    3.836701] ledtrig-cpu: registered to indicate activity on CPUs
[    3.849601] NET: Registered protocol family 10
[    3.852574] NET: Registered protocol family 17
[    3.856142] Key type dns_resolver registered
[    3.865050] registered taskstats version 1
[    3.870862] Loading compiled-in X.509 certificates
[    3.881908] Loaded .509 cert 'Build time autogenerated kernel key: 4eb3d024ac16f76c147d474694c8db21038b'
[    4.026822] zswap: loadd using pool lzo/zbud

[    4.053954] Key type trusted registered
[    4.075766] Key type encrypted registered
[    4.086739] AppArmor: AppArmor sha1 policy hashing enabled
[    4.107433] ima: No TPM chip found, activating TPM-bypass!
[    4.111673] ima: Allocated hash algorithm: sha1
[    4.123516] evm: HMAC attrs: 0x1
[    4.126098]   Magic number: 6:811:743
[    4.12736] rtc_mos rtc_cmos: setting system clck to 2018-10-04 17:4:32 UTC (1538674952)

[    4.226776] tsc: Refined TSC clocksource calibration: 2699.005 MHz
[    4.239019] clocksource: tsc: mask: 0xffffffffffffffff max_cycles: 0x26e792904b8, max_idle_ns: 440795222224 ns
[    4.252979] BIOS EDD facility v0.16 2004-Jun-25, 0 devicesfound
[   4.279873] EDD inormaion not available.
 [    4.353432] Freeing unused kernel memory: 1516K
[    4.730643] Write protecting the kernel read-only data: 14336k
[    4.733426] Freeing unused kernel memory: 1672K
[    4.735604] Freeing unused kernel memory: 92K
Loading, please wait...
starting version 229
[    4.863208] random: systemd-udevd: uninitialized urandom read (16 bytes read, 7 bits of entropy available)
[    4.863267] random: udevadm: uninitialized urandom read (16 bytes read, 7 bits of entropy available)
[    4.863288] random: udevadm: uninitialized urandom read (16 bytes read, 7 bits of entropy available)
[    4.870629] random: udevadm: uninitialized urandom read (16 bytes read, 7 bits of entropy available)
[    4.870678] random: udevadm: uninitialized urandom read (16 bytes read, 7 bits of entropy available)
[    4.870802] random: udevadm: uninitialized urandom read (16 bytes read, 7 bits of entropy available)
[    4.870849] random: udevadm: uninitialized urandom read (16 bytes read, 7 bits of entropy available)
[    4.870892] random: udevadm: uninitialized urandom read (16 bytes read, 7 bits of entropy available)
[    4.870937] random: udevadm: uninitialized urandom read (16 bytes read, 7 bits of entropy available)
[    4.871067] random: udevadm: uninitialized urandom read (16 bytes read, 7 bits of entropy available)
[    4.992382] Fusion MPT base driver 3.04.20
[    4.992453] e1000: Intel(R) PRO/1000 Network Driver - version 7.3.21-k8-NAPI
[    4.992454] e1000: Copyright (c) 1999-2006 Intel Corporation.
[    5.048900] Copyright (c) 1999-2008 LSI Corporation
[    5.089549] Fusion MPT SPI Host driver 3.04.20
[    5.118041] AVX2 version of gcm_enc/dec engaged.
[    5.120253] AES CTR mode by8 optimization enabled
[    5.311561] input: ImExPS/2 Generic Explorer Mouse as /devices/platform/i8042/serio1/input/input4
[    5.516259] e1000 0000:00:03.0 eth0: (PCI:33MHz:32-bit) 02:1d:76:b3:3c:fe
[    5.537846] e1000 0000:00:03.0 eth0: Intel(R) PRO/1000 Network Connection
[    5.543125] e1000 0000:00:03.0 enp0s3: renamed from eth0
[    5.549404] mptbase: ioc0: Initiating bringup
[    5.770947] ioc0: LSI53C1030 A0: Capabilities={Initiator}
[    6.700155] scsi host2: ioc0: LSI53C1030 A0, FwRev=00000000h, Ports=1, MaxQ=256, IRQ=20
[    7.241005] scsi 2:0:0:0: Direct-Access     VBOX     HARDDISK         1.0  PQ: 0 ANSI: 5
[    7.243757] scsi target2:0:0: Beginning Domain Validation
[    7.247441] scsi target2:0:0: Domain Validation skipping write tests
[    7.260953] scsi target2:0:0: Ending Domain Validation
[    7.264365] scsi target2:0:0: asynchronous
[    7.268504] scsi 2:0:1:0: Direct-Access     VBOX     HARDDISK         1.0  PQ: 0 ANSI: 5
[    7.274200] scsi target2:0:1: Beginning Domain Validation
[    7.280150] scsi target2:0:1: Domain Validation skipping write tests
[    7.283994] scsi target2:0:1: Ending Domain Validation
[    7.287438] scsi target2:0:1: asynchronous
[    7.309890] sd 2:0:0:0: [sda] 20971520 512-byte logical blocks: (10.7 GB/10.0 GiB)
[    7.319074] sd 2:0:0:0: Attached scsi generic sg0 type 0
[    7.323858] sd 2:0:1:0: [sdb] 20480 512-byte logical blocks: (10.5 MB/10.0 MiB)
[    7.330993] sd 2:0:1:0: Attached scsi generic sg1 type 0
[    7.338410] sd 2:0:1:0: [sdb] Write Protect is off
[    7.348715] sd 2:0:0:0: [sda] Write Protect is off
[    7.351380] sd 2:0:1:0: [sdb] Incomplete mode parameter data
[    7.356644] sd 2:0:1:0: [sdb] Assuming drive cache: write through
[    7.358505] sd 2:0:0:0: [sda] Incomplete mode parameter data
[    7.360390] sd 2:0:0:0: [sda] Assuming drive cache: write through
[    7.364272]  sda: sda1
[    7.366827] sd 2:0:0:0: [sda] Attached SCSI disk
[    7.366883] sd 2:0:1:0: [sdb] Attached SCSI disk
Begin: Loading essential drivers[    8.729150] md: linear personality registered for level -1
 ... [    8.744629] md: multipath personality registered for level -4
[    8.765412] md: raid0 personality registered for level 0
[    8.778592] md: raid1 personality registered for level 1
[    8.854414] raid6: sse2x1   gen()  9595 MB/s
[    8.922410] raid6: sse2x1   xor()  7320 MB/s
[    8.990176] raid6: sse2x2   gen() 11813 MB/s
[    9.078401] raid6: sse2x2   xor()  7877 MB/s
[    9.146422] raid6: sse2x4   gen() 13802 MB/s
[    9.214331] raid6: sse2x4   xor()  9685 MB/s
[    9.290402] raid6: avx2x1   gen() 18500 MB/s
[    9.358419] raid6: avx2x2   gen() 21468 MB/s
[    9.434361] raid6: avx2x4   gen() 24379 MB/s
[    9.435849] raid6: using algorithm avx2x4 gen() 24379 MB/s
[    9.440971] raid6: using avx2x2 recovery algorithm
[    9.450753] xor: automatically using best checksumming function:
[    9.495033]    avx       : 25167.000 MB/sec
[    9.501243] async_tx: api initialized (async)
[    9.520949] md: raid6 personality registered for level 6
[    9.530352] md: raid5 personality registered for level 5
[    9.533844] md: raid4 personality registered for level 4
[    9.549577] md: raid10 personality registered for level 10
done.
Begin: Running /scripts/init-premount ... done.
Begin: Mounting root file system ... Begin: Running /scripts/local-top ... done.
Begin: Running /scripts/local-premount ... [    9.595628] Btrfs loaded
Scanning for Btrfs filesystems
done.
Warning: fsck not present, so skipping root file system
[    9.630749] EXT4-fs (sda1): mounted filesystem with ordered data mode. Opts: (null)
done.
Begin: Running /scripts/local-bottom ... done.
Begin: Running /scripts/init-bottom ... done.
[    9.740085] systemd[1]: systemd 229 running in system mode. (+PAM +AUDIT +SELINUX +IMA +APPARMOR +SMACK +SYSVINIT +UTMP +LIBCRYPTSETUP +GCRYPT +GNUTLS +ACL +XZ -LZ4 +SECCOMP +BLKID +ELFUTILS +KMOD -IDN)
[    9.768116] systemd[1]: Detected virtualization oracle.
[    9.769812] systemd[1]: Detected architecture x86-64.

Welcome to [1mUbuntu 16.04.5 LTS[0m!

[    9.797986] ysemd[1]: Set hostname to <ubuntu-xenial>.

[   10.005759] systemd[1]: Listening on Journal Audit Socket.
[[0;32m  OK  [0m] Listening on Journal Audit Socket.
[   10.010414] systemd[1]: Listening on udev Kernel Socket.
[[0;32m  OK  [0m] Listening on udev Kernel Socket.
[   10.014792] systemd[1]: Listening on udev Control Socket.
[[0;32m  OK  [0m] Listening on udev Control Socket.
[   10.026173] systemd[1]: Listening on LVM2 metadata daemon socket.
[[0;32m  OK  [0m] Listening on LVM2 metadata daemon socket.
[   10.068606] systemd[1]: Created slice User and Session Slice.
[[0;32m  OK  [0m] Created slice User and Session Slice.
[  10.110994] systmd[1]: Listening on Journal Socket (/dev/log).

[[0;32m  OK  [0m] Listening on Journal Socket (/dev/log).
[   10.199615] systemd[1]: Started Trigger resolvconf update for networkd DNS.
[[0;32m  OK  [0m] Started Trigger resolvconf update for networkd DNS.
[   10.250351] systemd[1]: eached target Swap.

[[0;32m  OK  [0m] Reached target Swap.
[   10.289958] systemd[1]: Started Forward Password Requests to WallDiectory Watch.

[[0;32m  OK  [0m] Started Forward Password Requests to Wall Directory Watch.
[   10.375002] ystemd[1]: Created slice System Slice.

[[0;32m  OK  [0m] Created slice System Slice.
[   10.413692] systemd[1]: Reached target Slices.
[[0;32m  OK  [0m] Reached target Slices.
[   10.420451] systemd[1]: Created slice system-serial\x2dgetty.slice.
[[0;32m  OK  [0m] Created slice system-serial\x2dgetty.slice.
[   10.443192] systemd[1]: Set up automount Arbitrary Executabl File Formats File System Automount Pont.

[[0;32m  OK  [0m] Set up automount Arbitrary Executab...ats File System Automount Point.
[   10527057] systemd[1]: Listening on Journal Socket.

[[0;32m  OK  [0m] Listening on Journal Socket.
[   10.574909] systemd[1]: Mounting Huge Pages File System...
         Mounting Huge Pages File System...
[   10.591574] systemd[1]: Starting Set console keymap...
         Starting Set console keymap...
[   10.600980] systemd[1]: Starting Uncomplicated firewall...
         Starting Uncomplicated firewall...
[   10.646400] systemd[1]: Mounting Debug File System...
         Mounting Debug File System...
[   10.668412] systemd[1]: Starting Remount Root and Kernel File Systems...
         Starting Remount Root and Kernel File Systems...
[   10.688543] EXT4-fs (sda1): re-mounted. Opts: (null)
[   10.706906] systemd[1]: Mounting POSIX Message Queue File System...
         Mounting POSIX Message Queue File System...
[   10.721420] systemd[1]: Starting Nameserver information manager...
         Starting Nameserver information manager...
[   10.731988] systemd[1]: Listening on Syslog Socket.
[[0;32m  OK  [0m] Listening on Syslog Socket.
[   10.759161] systemd[1]: Starting Journal Service...
         Starting Journal Service...
[   10.766372] systemd[1]: Reached target Encrypted Volumes.
[[0;32m  OK  [0m] Reached target Encrypted Volumes.
[   10.779184] systemd[1]: Starting Create list of required static device nodes for the current kernel...
         Starting Create list of required st... nodes for the current kernel...
[   10.796326] systemd[1]: Listening on Device-mapper event daemon FIFOs.
[[0;32m  OK  [0m] Listening on Device-mapper event daemon FIFOs.
[   10.830332] systemd[1]: Starting Monitoring of LVM2 mirrors, snapshots etc. using dmeventd or progress polling...
[   10.831764] random: nonblocking pool is initialized
         Starting Monitoring of LVM2 mirrors... dmeventd or progress polling...
[   10.879281] systemd[1]: Reached target User and Group Name Lookups.
[[0;32m  OK  [0m] Reached target User and Group Name Lookups.
[   10.906808] systemd[1]: Listening on LVM2 poll daemon socket.
[[0;32m  OK  [0m] Listening on LVM2 poll daemon socket.
[   10.927103] systemd[1]: Starting Load Kernel Modules...
         Startin[   10.935974] Loading iSCSI transport class v2.0-870.
g Load Kernel Modules...
[   10.941410] systemd[1]: Reached target System Time Synchronized.
[[0;32m  OK  [0m] Reached target System Time Synchronized.
[   10.949973] systemd[1]: Listening on /dev/initctl Compatibility Named Pipe.
[[0;32m  OK  [[   10.964957] iscsi: registered transport (tcp)
0m] Listening on /dev/initctl Compatibility Named Pipe.
[   10.999622] iscsi: registered transport (iser)
[   10.999728] systemd[1]: Mounted Debug File System.
[[0;32m  OK  [0m] Mounted Debug File System.
[   11.018914] systemd[1]: Mounted Huge Pages File System.
[[0;32m  OK  [0m] Mounted Huge Pages File System.
[   11.050692] systemd[1]: Mounted POSIX Message Queue File System.
[[0;32m  OK  [0m] Mounted POSIX Message Queue File System.
[   11.067150] systemd[1]: Started Journal Service.
[[0;32m  OK  [0m] Started Journal Service.
[[0;32m  OK  [0m] Started Set console keymap.
[[0;32m  OK  [0m] Started Uncomplicated firewall.
[[0;32m  OK  [0m] Started Remount Root and Kernel File Systems.
[[0;32m  OK  [0m] Started Create list of required sta...ce nodes for the current kernel.
[[0;32m  OK  [0m] Started Load Kernel Modules.
[[0;32m  OK  [0m] Started Nameserver information manager.
[[0;32m  OK  [0m] Started LVM2 metadata daemon.
         Starting Apply Kernel Variables...
         Mounting FUSE Control File System...
         Starting Create Static Device Nodes in /dev...
         Starting udev Coldplug all Devices...
         Starting Load/Save Random Seed...
         Starting Flush Journal to Persistent Storage...
[[0;32m  OK  [0m] Mounted FUSE Control File System.
[[0;32m  OK  [0m] Started Apply Kernel Variables.
[[0;32m  OK  [0m] Started Create Static Device Nodes in /dev.
[[0;32m  OK  [0m] Started Load/Save Random Seed.
[[0;32m  OK  [0m] Started udev Coldplug all Devices.
[[0;32m  OK  [0m] Started Flush Journal to Persistent Storage.
         Starting udev Kernel Device Manager...
[[0;32m  OK  [0m] Started Monitoring of LVM2 mirrors,...ng dmeventd or progress polling.
[[0;32m  OK  [0m] Started udev Kernel Device Manager.
[[0;32m  OK  [0m] Started Dispatch Password Requests to Console Directory Watch.
[[0;32m  OK  [0m] Reached target Local File Systems (Pre).
[[0;32m  OK  [0m] Reached target Local File Systems.
         Starting Set console font and keymap...
         Starting Tell Plymouth To Write Out Runtime Data...
         Starting Initial cloud-init job (pre-networking)...
         Starting LSB: AppArmor initialization...
         Starting Create Volatile Files and Directories...
[[0;32m  OK  [0m] Started Tell Plymouth To Write Out Runtime Data.
[[0;32m  OK  [0m] Started Create Volatile Files and Directories.
[[0;32m  OK  [0m] Found device /dev/ttyS0.
[[0;32m  OK  [0m] Listening on Load/Save RF Kill Switch Status /dev/rfkill Watch.
         Starting Update UTMP about System Boot/Shutdown...
[[0;32m  OK  [0m] Started LSB: AppArmor initialization.
[[0;32m  OK  [0m] Found device 82540EM Gigabit Ethern...r (PRO/1000 MT Desktop Adapter).
[[0;32m  OK  [0m] Started Update UTMP about System Boot/Shutdown.
[[0;32m  OK  [0m] Started Set console font and keymap.
[[0;32m  OK  [0m] Created slice system-getty.slice.
[   11.167285] cloud-init[480]: Cloud-init v. 18.3-9-g2e62cb8a-0ubuntu1~16.04.2 running 'init-local' at Thu, 04 Oct 2018 17:42:41 +0000. Up 10.75 seconds.
[[0;32m  OK  [0m] Started Initial cloud-init job (pre-networking).
[[0;32m  OK  [0m] Reached target Network (Pre).
         Starting Raise network interfaces...
[[0;32m  OK  [0m] Started ifup for enp0s3.
[[0;32m  OK  [0m] Started Raise network interfaces.
         Starting Initial cloud-init job (metadata service crawler)...
[[0;32m  OK  [0m] Reached target Network.
[   12.019983] cloud-init[953]: Cloud-init v. 18.3-9-g2e62cb8a-0ubuntu1~16.04.2 running 'init' at Thu, 04 Oct 2018 17:42:41 +0000. Up 11.71 seconds.
[   12.056290] cloud-init[953]: ci-info: ++++++++++++++++++++++++++++++++++++++Net device info++++++++++++++++++++++++++++++++++++++
[   12.070866] cloud-init[953]: ci-info: +--------+------+----------------------------+---------------+--------+-------------------+
[   12.085819] cloud-init[953]: ci-info: | Device |  Up  |          Address           |      Mask     | Scope  |     Hw-Address    |
[   12.112649] cloud-init[953]: ci-info: +--------+------+----------------------------+---------------+--------+-------------------+
[   12.112961] cloud-init[953]: ci-info: | enp0s3 | True |         10.0.2.15          | 255.255.255.0 | global | 02:1d:76:b3:3c:fe |
[   12.113744] cloud-init[953]: ci-info: | enp0s3 | True | fe80::1d:76ff:feb3:3cfe/64 |       .       |  link  | 02:1d:76:b3:3c:fe |
[   12.113831] cloud-init[953]: ci-info: |   lo   | True |         127.0.0.1          |   255.0.0.0   |  host  |         .         |
[   12.113908] cloud-init[953]: ci-info: |   lo   | True |          ::1/128           |       .       |  host  |         .         |
[   12.113985] cloud-init[953]: ci-info: +--------+------+----------------------------+---------------+--------+-------------------+
[   12.114059] cloud-init[953]: ci-info: +++++++++++++++++++++++++++Route IPv4 info++++++++++++++++++++++++++++
[   12.114135] cloud-init[953]: ci-info: +-------+-------------+----------+---------------+-----------+-------+
[   12.114210] cloud-init[953]: ci-info: | Route | Destination | Gateway  |    Genmask    | Interface | Flags |
[   12.114287] cloud-init[953]: ci-info: +-------+-------------+----------+---------------+-----------+-------+
[   12.114362] cloud-init[953]: ci-info: |   0   |   0.0.0.0   | 10.0.2.2 |    0.0.0.0    |   enp0s3  |   UG  |
[   12.114437] cloud-init[953]: ci-info: |   1   |   10.0.2.0  | 0.0.0.0  | 255.255.255.0 |   enp0s3  |   U   |
[   12.114513] cloud-init[953]: ci-info: +-------+-------------+----------+---------------+-----------+-------+
[   12.114587] cloud-init[953]: ci-info: +++++++++++++++++++Route IPv6 info+++++++++++++++++++
[   12.114662] cloud-init[953]: ci-info: +-------+-------------+---------+-----------+-------+
[   12.114737] cloud-init[953]: ci-info: | Route | Destination | Gateway | Interface | Flags |
[   12.114811] cloud-init[953]: ci-info: +-------+-------------+---------+-----------+-------+
[   12.114887] cloud-init[953]: ci-info: |   0   |  fe80::/64  |    ::   |   enp0s3  |   U   |
[   12.114962] cloud-init[953]: ci-info: |   3   |   ff00::/8  |    ::   |   enp0s3  |   U   |
[   12.115036] cloud-init[953]: ci-info: +-------+-------------+---------+-----------+-------+
[[0;32m  OK  [0m] Started Initial cloud-init job (metadata service crawler).
[[0;32m  OK  [0m] Reached target Cloud-config availability.
[[0;32m  OK  [0m] Reached target System Initialization.
         Starting LXD - unix socket.
[[0;32m  OK  [0m] Started Daily Cleanup of Temporary Directories.
[[0;32m  OK  [0m] Started ACPI Events Check.
[[0;32m  OK  [0m] Reached target Paths.
[[0;32m  OK  [0m] Started Daily apt download activities.
         Starting Socket activation for snappy daemon.
[[0;32m  OK  [0m] Listening on ACPID Listen Socket.
[[0;32m  OK  [0m] Listening on D-Bus System Message Bus Socket.
[[0;32m  OK  [0m] Started Daily apt upgrade and clean activities.
[[0;32m  OK  [0m] Reached target Timers.
[[0;32m  OK  [0m] Listening on UUID daemon activation socket.
[[0;32m  OK  [0m] Reached target Network is Online.
         Starting iSCSI initiator daemon (iscsid)...
[[0;32m  OK  [0m] Listening on LXD - unix socket.
[[0;32m  OK  [0m] Listening on Socket activation for snappy daemon.
[[0;32m  OK  [0m] Reached target Sockets.
[[0;32m  OK  [0m] Reached target Basic System.
         Starting Virtualbox guest utils...
         Starting /etc/rc.local Compatibility...
         Starting LSB: MD monitoring daemon...
[[0;32m  OK  [0m] Started Unattended Upgrades Shutdown.
[[0;32m  OK  [0m] Started D-Bus System Message Bus.
[[0;32m  OK  [0m] Started FUSE filesystem for LXC.
[[0;32m  OK  [0m] Started Regular background program processing daemon.
         Starting Snappy daemon...
         Starting System Logging Service...
         Starting LSB: Record successful boot for GRUB...
         Starting Accounts Service...
         Starting OpenBSD Secure Shell server...
[[0;32m  OK  [0m] Started ACPI event daemon.
         Starting Login Service...
[[0;32m  OK  [0m] Started Deferred execution scheduler.
         Starting LXD - container startup/shutdown...
[[0;32m  OK  [0m] Started System Logging Service.
[[0;32m  OK  [0m] Started iSCSI initiator daemon (iscsid).
[[0;32m  OK  [0m] Started /etc/rc.local Compatibility.
[[0;32m  OK  [0m] Started OpenBSD Secure Shell server.
[[0;32m  OK  [0m] Started LSB: MD monitoring daemon.
[[0;32m  OK  [0m] Started Login Service.
         Starting Authenticate and Authorize Users to Run Privileged Tasks...
         Starting Login to default iSCSI targets...
[[0;32m  OK  [0m] Started LSB: Record successful boot for GRUB.
[[0;32m  OK  [0m] Started Authenticate and Authorize Users to Run Privileged Tasks.
[[0;32m  OK  [0m] Started Accounts Service.
[[0;32m  OK  [0m] Started LXD - container startup/shutdown.
[[0;32m  OK  [0m] Started Virtualbox guest utils.
[[0;32m  OK  [0m] Started Login to default iSCSI targets.
[[0;32m  OK  [0m] Started Snappy daemon.
         Starting Wait until snapd is fully seeded...
[[0;32m  OK  [0m] Reached target Remote File Systems (Pre).
[[0;32m  OK  [0m] Reached target Remote File Systems.
         Starting LSB: automatic crash report generation...
         Starting Permit User Sessions...
         Starting LSB: daemon to balance interrupts for SMP systems...
         Starting LSB: Set the CPU Frequency Scaling governor to "ondemand"...
[[0;32m  OK  [0m] Started Wait until snapd is fully seeded.
[[0;32m  OK  [0m] Started Permit User Sessions.
         Starting Terminate Plymouth Boot Screen...
         Starting Hold until boot process finishes up...
         Starting Apply the settings specified in cloud-config...
[[0;32m  OK  [0m] Started LSB: automatic crash report generation.
[[0;32m  OK  [0m] Started LSB: daemon to balance interrupts for SMP systems.
[[0;32m  OK  [0m] Started LSB: Set the CPU Frequency Scaling governor to "ondemand".
[[0;32m  OK  [0m] Started Terminate Plymouth Boot Screen.
[[0;32m  OK  [0m] Started Hold until boot process finishes up.
         Starting Set console scheme...
[[0;32m  OK  [0m] Started Getty on tty1.
[[0;32m  OK  [0m] Started Serial Getty on ttyS0.
[[0;32m  OK  [0m] Reached target Login Prompts.
[[0;32m  OK  [0m] Reached target Multi-User System.
[[0;32m  OK  [0m] Reached target Graphical Interface.
         Starting Update UTMP about System Runlevel Changes...
[[0;32m  OK  [0m] Started Set console scheme.
[[0;32m  OK  [0m] Started Update UTMP about System Runlevel Changes.
[   13.751916] cloud-init[1179]: Cloud-init v. 18.3-9-g2e62cb8a-0ubuntu1~16.04.2 running 'modules:config' at Thu, 04 Oct 2018 17:42:43 +0000. Up 13.63 seconds.
[[0;32m  OK  [0m] Started Apply the settings specified in cloud-config.
         Starting Execute cloud user/final scripts...
[   14.219471] cloud-init[1200]: Cloud-init v. 18.3-9-g2e62cb8a-0ubuntu1~16.04.2 running 'modules:final' at Thu, 04 Oct 2018 17:42:44 +0000. Up 14.10 seconds.
[   14.240519] cloud-init[1200]: Cloud-init v. 18.3-9-g2e62cb8a-0ubuntu1~16.04.2 finished at Thu, 04 Oct 2018 17:42:44 +0000. Datasource DataSourceNoCloud [seed=/dev/sdb][dsmode=net].  Up 14.21 seconds
[[0;32m  OK  [0m] Started Execute cloud user/final scripts.
[[0;32m  OK  [0m] Reached target Cloud-init target.

Ubuntu 16.04.5 LTS ubuntu-xenial ttyS0

ubuntu-xenial login: 